<?xml version="1.0" encoding="UTF-8"?>
<!-- Generated by org.testng.reporters.JUnitReportReporter -->
<testsuite skipped="0" hostname="TYSS-4F-022" name="selenium_important.TestngSampleTest" tests="1" failures="0" timestamp="20 Nov 2017 08:32:53 GMT" time="11.298" errors="0">
  <testcase name="testTitle" time="11.298" classname="selenium_important.TestngSampleTest"/>
</testsuite> <!-- selenium_important.TestngSampleTest -->
